<?xml version="1.0" encoding="UTF-8"?>
<testng-results skipped="0" failed="0" total="1" passed="1">
  <reporter-output>
  </reporter-output>
  <suite name="Default suite" duration-ms="23037" started-at="2019-08-22T16:47:12Z" finished-at="2019-08-22T16:47:35Z">
    <groups>
    </groups>
    <test name="Default test" duration-ms="23037" started-at="2019-08-22T16:47:12Z" finished-at="2019-08-22T16:47:35Z">
      <class name="com.ecommerce.project.ecommerce.test.WelcomeTest">
        <test-method status="PASS" signature="initialization()[pri:0, instance:com.ecommerce.project.ecommerce.test.WelcomeTest@5649fd9b]" name="initialization" is-config="true" duration-ms="32447" started-at="2019-08-22T22:16:40Z" finished-at="2019-08-22T22:17:12Z">
          <reporter-output>
          </reporter-output>
        </test-method> <!-- initialization -->
        <test-method status="PASS" signature="getTitleOfWelcomePage(java.lang.String, java.lang.String, java.lang.reflect.Method)[pri:0, instance:com.ecommerce.project.ecommerce.test.WelcomeTest@5649fd9b]" name="getTitleOfWelcomePage" duration-ms="23012" started-at="2019-08-22T22:17:12Z" data-provider="testdata" finished-at="2019-08-22T22:17:35Z">
          <params>
            <param index="0">
              <value>
                <![CDATA[a]]>
              </value>
            </param>
            <param index="1">
              <value>
                <![CDATA[b]]>
              </value>
            </param>
            <param index="2">
              <value>
                <![CDATA[public static void com.ecommerce.project.ecommerce.test.WelcomeTest.getTitleOfWelcomePage(java.lang.String,java.lang.String,java.lang.reflect.Method)]]>
              </value>
            </param>
          </params>
          <reporter-output>
          </reporter-output>
        </test-method> <!-- getTitleOfWelcomePage -->
        <test-method status="PASS" signature="tearDown()[pri:0, instance:com.ecommerce.project.ecommerce.test.WelcomeTest@5649fd9b]" name="tearDown" is-config="true" duration-ms="2171" started-at="2019-08-22T22:17:35Z" finished-at="2019-08-22T22:17:38Z">
          <reporter-output>
          </reporter-output>
        </test-method> <!-- tearDown -->
      </class> <!-- com.ecommerce.project.ecommerce.test.WelcomeTest -->
    </test> <!-- Default test -->
  </suite> <!-- Default suite -->
</testng-results>
